#
# There is insufficient memory for the Java Runtime Environment to continue.
# Native memory allocation (malloc) failed to allocate 905936 bytes for Chunk::new
# Possible reasons:
#   The system is out of physical RAM or swap space
#   In 32 bit mode, the process size limit was hit
# Possible solutions:
#   Reduce memory load on the system
#   Increase physical memory or swap space
#   Check if swap backing store is full
#   Use 64 bit Java on a 64 bit OS
#   Decrease Java heap size (-Xmx/-Xms)
#   Decrease number of Java threads
#   Decrease Java thread stack sizes (-Xss)
#   Set larger code cache with -XX:ReservedCodeCacheSize=
# This output file may be truncated or incomplete.
#
#  Out of Memory Error (allocation.cpp:390), pid=7160, tid=0x0000000000002b58
#
# JRE version: Java(TM) SE Runtime Environment (8.0_131-b11) (build 1.8.0_131-b11)
# Java VM: Java HotSpot(TM) 64-Bit Server VM (25.131-b11 mixed mode windows-amd64 compressed oops)
# Failed to write core dump. Minidumps are not enabled by default on client versions of Windows
#

---------------  T H R E A D  ---------------

Current thread (0x00000000169ed800):  JavaThread "C2 CompilerThread1" daemon [_thread_in_native, id=11096, stack(0x00000000185f0000,0x00000000186f0000)]

Stack: [0x00000000185f0000,0x00000000186f0000]
[error occurred during error reporting (printing stack bounds), id 0xc0000005]

Native frames: (J=compiled Java code, j=interpreted, Vv=VM code, C=native code)


Current CompileTask:
C2:  14016 1998       4       com.android.dx.ssa.SCCP::run (298 bytes)


---------------  P R O C E S S  ---------------

Java Threads: ( => current thread )
  0x00000000184b0800 JavaThread "pool-1-thread-4" [_thread_blocked, id=1156, stack(0x0000000018df0000,0x0000000018ef0000)]
  0x00000000184af800 JavaThread "pool-1-thread-3" [_thread_blocked, id=4324, stack(0x0000000018cf0000,0x0000000018df0000)]
  0x00000000184af000 JavaThread "pool-1-thread-2" [_thread_blocked, id=9176, stack(0x0000000018bf0000,0x0000000018cf0000)]
  0x0000000018492800 JavaThread "pool-2-thread-1" [_thread_blocked, id=3428, stack(0x0000000018af0000,0x0000000018bf0000)]
  0x000000001848f800 JavaThread "pool-1-thread-1" [_thread_in_Java, id=6716, stack(0x00000000189f0000,0x0000000018af0000)]
  0x00000000181f4800 JavaThread "Service Thread" daemon [_thread_blocked, id=6292, stack(0x00000000187f0000,0x00000000188f0000)]
  0x00000000169ee800 JavaThread "C1 CompilerThread2" daemon [_thread_blocked, id=7752, stack(0x00000000186f0000,0x00000000187f0000)]
=>0x00000000169ed800 JavaThread "C2 CompilerThread1" daemon [_thread_in_native, id=11096, stack(0x00000000185f0000,0x00000000186f0000)]
  0x0000000016992000 JavaThread "C2 CompilerThread0" daemon [_thread_in_native, id=12600, stack(0x00000000180f0000,0x00000000181f0000)]
  0x0000000016990800 JavaThread "Attach Listener" daemon [_thread_blocked, id=4516, stack(0x0000000017ff0000,0x00000000180f0000)]
  0x000000001698f000 JavaThread "Signal Dispatcher" daemon [_thread_blocked, id=7632, stack(0x0000000017ef0000,0x0000000017ff0000)]
  0x00000000042b6800 JavaThread "Finalizer" daemon [_thread_blocked, id=236, stack(0x0000000017bf0000,0x0000000017cf0000)]
  0x00000000042b1000 JavaThread "Reference Handler" daemon [_thread_blocked, id=10480, stack(0x0000000017af0000,0x0000000017bf0000)]
  0x00000000041c2800 JavaThread "main" [_thread_blocked, id=2912, stack(0x00000000040c0000,0x00000000041c0000)]

Other Threads:
  0x0000000016958000 VMThread [stack: 0x00000000179f0000,0x0000000017af0000] [id=11892]
  0x0000000018200000 WatcherThread [stack: 0x00000000188f0000,0x00000000189f0000] [id=12680]

VM state:not at safepoint (normal execution)

VM Mutex/Monitor currently owned by a thread: None

Heap:
 PSYoungGen      total 148992K, used 28385K [0x00000000eab00000, 0x00000000fe500000, 0x0000000100000000)
  eden space 130560K, 7% used [0x00000000eab00000,0x00000000eb4bfdd0,0x00000000f2a80000)
  from space 18432K, 99% used [0x00000000f2a80000,0x00000000f3c788e0,0x00000000f3c80000)
  to   space 30208K, 0% used [0x00000000fc780000,0x00000000fc780000,0x00000000fe500000)
 ParOldGen       total 87552K, used 45299K [0x00000000c0000000, 0x00000000c5580000, 0x00000000eab00000)
  object space 87552K, 51% used [0x00000000c0000000,0x00000000c2c3cd40,0x00000000c5580000)
 Metaspace       used 6482K, capacity 7256K, committed 7424K, reserved 1056768K
  class space    used 629K, capacity 656K, committed 768K, reserved 1048576K

Card table byte_map: [0x0000000013680000,0x0000000013890000] byte_map_base: 0x0000000013080000

Marking Bits: (ParMarkBitMap*) 0x0000000052edc720
 Begin Bits: [0x0000000013df0000, 0x0000000014df0000)
 End Bits:   [0x0000000014df0000, 0x0000000015df0000)

Polling page: 0x0000000002790000

CodeCache: size=245760Kb used=9298Kb max_used=9298Kb free=236461Kb
 bounds [0x00000000042c0000, 0x0000000004be0000, 0x00000000132c0000]
 total_blobs=2230 nmethods=1966 adapters=176
 compilation: enabled

Compilation events (10 events):
Event: 13.825 Thread 0x00000000169ee800 2006       2       com.android.dx.rop.code.Rops::opMoveResultPseudo (23 bytes)
Event: 13.825 Thread 0x00000000169ee800 nmethod 2006 0x0000000004baf250 code [0x0000000004baf3c0, 0x0000000004baf5d8]
Event: 13.825 Thread 0x00000000169ee800 2010       2       com.android.dx.rop.code.Rops::opMoveResult (23 bytes)
Event: 13.825 Thread 0x00000000169ee800 nmethod 2010 0x0000000004bc0150 code [0x0000000004bc02c0, 0x0000000004bc04d8]
Event: 13.825 Thread 0x00000000169ee800 2007       2       com.android.dx.rop.code.PlainInsn::<init> (13 bytes)
Event: 13.825 Thread 0x00000000169ee800 nmethod 2007 0x0000000004bc7d90 code [0x0000000004bc7f40, 0x0000000004bc83d8]
Event: 13.828 Thread 0x00000000169ee800 2012       2       java.util.HashMap$ValueIterator::next (8 bytes)
Event: 13.829 Thread 0x00000000169ee800 nmethod 2012 0x0000000004bbfd90 code [0x0000000004bbff00, 0x0000000004bc0088]
Event: 13.947 Thread 0x00000000169ee800 2013       1       java.lang.ref.Finalizer::access$000 (4 bytes)
Event: 13.947 Thread 0x00000000169ee800 nmethod 2013 0x0000000004bae7d0 code [0x0000000004bae920, 0x0000000004baea10]

GC Heap History (10 events):
Event: 10.641 GC heap before
{Heap before GC invocations=3 (full 0):
 PSYoungGen      total 38400K, used 38381K [0x00000000eab00000, 0x00000000ef600000, 0x0000000100000000)
  eden space 33280K, 100% used [0x00000000eab00000,0x00000000ecb80000,0x00000000ecb80000)
  from space 5120K, 99% used [0x00000000ed080000,0x00000000ed57b668,0x00000000ed580000)
  to   space 5120K, 0% used [0x00000000ecb80000,0x00000000ecb80000,0x00000000ed080000)
 ParOldGen       total 87552K, used 6303K [0x00000000c0000000, 0x00000000c5580000, 0x00000000eab00000)
  object space 87552K, 7% used [0x00000000c0000000,0x00000000c0627d30,0x00000000c5580000)
 Metaspace       used 6331K, capacity 7192K, committed 7424K, reserved 1056768K
  class space    used 627K, capacity 656K, committed 768K, reserved 1048576K
Event: 10.719 GC heap after
Heap after GC invocations=3 (full 0):
 PSYoungGen      total 38400K, used 5106K [0x00000000eab00000, 0x00000000ef600000, 0x0000000100000000)
  eden space 33280K, 0% used [0x00000000eab00000,0x00000000eab00000,0x00000000ecb80000)
  from space 5120K, 99% used [0x00000000ecb80000,0x00000000ed07cbc8,0x00000000ed080000)
  to   space 5120K, 0% used [0x00000000ef100000,0x00000000ef100000,0x00000000ef600000)
 ParOldGen       total 87552K, used 11239K [0x00000000c0000000, 0x00000000c5580000, 0x00000000eab00000)
  object space 87552K, 12% used [0x00000000c0000000,0x00000000c0af9ca0,0x00000000c5580000)
 Metaspace       used 6331K, capacity 7192K, committed 7424K, reserved 1056768K
  class space    used 627K, capacity 656K, committed 768K, reserved 1048576K
}
Event: 11.136 GC heap before
{Heap before GC invocations=4 (full 0):
 PSYoungGen      total 38400K, used 38386K [0x00000000eab00000, 0x00000000ef600000, 0x0000000100000000)
  eden space 33280K, 100% used [0x00000000eab00000,0x00000000ecb80000,0x00000000ecb80000)
  from space 5120K, 99% used [0x00000000ecb80000,0x00000000ed07cbc8,0x00000000ed080000)
  to   space 5120K, 0% used [0x00000000ef100000,0x00000000ef100000,0x00000000ef600000)
 ParOldGen       total 87552K, used 11239K [0x00000000c0000000, 0x00000000c5580000, 0x00000000eab00000)
  object space 87552K, 12% used [0x00000000c0000000,0x00000000c0af9ca0,0x00000000c5580000)
 Metaspace       used 6364K, capacity 7192K, committed 7424K, reserved 1056768K
  class space    used 628K, capacity 656K, committed 768K, reserved 1048576K
Event: 11.222 GC heap after
Heap after GC invocations=4 (full 0):
 PSYoungGen      total 71680K, used 5110K [0x00000000eab00000, 0x00000000ef600000, 0x0000000100000000)
  eden space 66560K, 0% used [0x00000000eab00000,0x00000000eab00000,0x00000000eec00000)
  from space 5120K, 99% used [0x00000000ef100000,0x00000000ef5fdab0,0x00000000ef600000)
  to   space 5120K, 0% used [0x00000000eec00000,0x00000000eec00000,0x00000000ef100000)
 ParOldGen       total 87552K, used 16299K [0x00000000c0000000, 0x00000000c5580000, 0x00000000eab00000)
  object space 87552K, 18% used [0x00000000c0000000,0x00000000c0feacc0,0x00000000c5580000)
 Metaspace       used 6364K, capacity 7192K, committed 7424K, reserved 1056768K
  class space    used 628K, capacity 656K, committed 768K, reserved 1048576K
}
Event: 12.015 GC heap before
{Heap before GC invocations=5 (full 0):
 PSYoungGen      total 71680K, used 71670K [0x00000000eab00000, 0x00000000ef600000, 0x0000000100000000)
  eden space 66560K, 100% used [0x00000000eab00000,0x00000000eec00000,0x00000000eec00000)
  from space 5120K, 99% used [0x00000000ef100000,0x00000000ef5fdab0,0x00000000ef600000)
  to   space 5120K, 0% used [0x00000000eec00000,0x00000000eec00000,0x00000000ef100000)
 ParOldGen       total 87552K, used 16299K [0x00000000c0000000, 0x00000000c5580000, 0x00000000eab00000)
  object space 87552K, 18% used [0x00000000c0000000,0x00000000c0feacc0,0x00000000c5580000)
 Metaspace       used 6445K, capacity 7256K, committed 7424K, reserved 1056768K
  class space    used 628K, capacity 656K, committed 768K, reserved 1048576K
Event: 12.096 GC heap after
Heap after GC invocations=5 (full 0):
 PSYoungGen      total 71680K, used 5096K [0x00000000eab00000, 0x00000000f4c00000, 0x0000000100000000)
  eden space 66560K, 0% used [0x00000000eab00000,0x00000000eab00000,0x00000000eec00000)
  from space 5120K, 99% used [0x00000000eec00000,0x00000000ef0fa1b0,0x00000000ef100000)
  to   space 15872K, 0% used [0x00000000f3c80000,0x00000000f3c80000,0x00000000f4c00000)
 ParOldGen       total 87552K, used 26818K [0x00000000c0000000, 0x00000000c5580000, 0x00000000eab00000)
  object space 87552K, 30% used [0x00000000c0000000,0x00000000c1a30aa0,0x00000000c5580000)
 Metaspace       used 6445K, capacity 7256K, committed 7424K, reserved 1056768K
  class space    used 628K, capacity 656K, committed 768K, reserved 1048576K
}
Event: 12.704 GC heap before
{Heap before GC invocations=6 (full 0):
 PSYoungGen      total 71680K, used 71656K [0x00000000eab00000, 0x00000000f4c00000, 0x0000000100000000)
  eden space 66560K, 100% used [0x00000000eab00000,0x00000000eec00000,0x00000000eec00000)
  from space 5120K, 99% used [0x00000000eec00000,0x00000000ef0fa1b0,0x00000000ef100000)
  to   space 15872K, 0% used [0x00000000f3c80000,0x00000000f3c80000,0x00000000f4c00000)
 ParOldGen       total 87552K, used 26818K [0x00000000c0000000, 0x00000000c5580000, 0x00000000eab00000)
  object space 87552K, 30% used [0x00000000c0000000,0x00000000c1a30aa0,0x00000000c5580000)
 Metaspace       used 6459K, capacity 7256K, committed 7424K, reserved 1056768K
  class space    used 629K, capacity 656K, committed 768K, reserved 1048576K
Event: 12.766 GC heap after
Heap after GC invocations=6 (full 0):
 PSYoungGen      total 146432K, used 15865K [0x00000000eab00000, 0x00000000f5100000, 0x0000000100000000)
  eden space 130560K, 0% used [0x00000000eab00000,0x00000000eab00000,0x00000000f2a80000)
  from space 15872K, 99% used [0x00000000f3c80000,0x00000000f4bfe6d0,0x00000000f4c00000)
  to   space 18432K, 0% used [0x00000000f2a80000,0x00000000f2a80000,0x00000000f3c80000)
 ParOldGen       total 87552K, used 27302K [0x00000000c0000000, 0x00000000c5580000, 0x00000000eab00000)
  object space 87552K, 31% used [0x00000000c0000000,0x00000000c1aa9a40,0x00000000c5580000)
 Metaspace       used 6459K, capacity 7256K, committed 7424K, reserved 1056768K
  class space    used 629K, capacity 656K, committed 768K, reserved 1048576K
}
Event: 13.844 GC heap before
{Heap before GC invocations=7 (full 0):
 PSYoungGen      total 146432K, used 146425K [0x00000000eab00000, 0x00000000f5100000, 0x0000000100000000)
  eden space 130560K, 100% used [0x00000000eab00000,0x00000000f2a80000,0x00000000f2a80000)
  from space 15872K, 99% used [0x00000000f3c80000,0x00000000f4bfe6d0,0x00000000f4c00000)
  to   space 18432K, 0% used [0x00000000f2a80000,0x00000000f2a80000,0x00000000f3c80000)
 ParOldGen       total 87552K, used 27302K [0x00000000c0000000, 0x00000000c5580000, 0x00000000eab00000)
  object space 87552K, 31% used [0x00000000c0000000,0x00000000c1aa9a40,0x00000000c5580000)
 Metaspace       used 6482K, capacity 7256K, committed 7424K, reserved 1056768K
  class space    used 629K, capacity 656K, committed 768K, reserved 1048576K
Event: 13.926 GC heap after
Heap after GC invocations=7 (full 0):
 PSYoungGen      total 148992K, used 18402K [0x00000000eab00000, 0x00000000fe500000, 0x0000000100000000)
  eden space 130560K, 0% used [0x00000000eab00000,0x00000000eab00000,0x00000000f2a80000)
  from space 18432K, 99% used [0x00000000f2a80000,0x00000000f3c788e0,0x00000000f3c80000)
  to   space 30208K, 0% used [0x00000000fc780000,0x00000000fc780000,0x00000000fe500000)
 ParOldGen       total 87552K, used 45299K [0x00000000c0000000, 0x00000000c5580000, 0x00000000eab00000)
  object space 87552K, 51% used [0x00000000c0000000,0x00000000c2c3cd40,0x00000000c5580000)
 Metaspace       used 6482K, capacity 7256K, committed 7424K, reserved 1056768K
  class space    used 629K, capacity 656K, committed 768K, reserved 1048576K
}

Deoptimization events (10 events):
Event: 12.168 Thread 0x00000000184af800 Uncommon trap: reason=unstable_if action=reinterpret pc=0x00000000049f3398 method=com.android.dx.rop.code.RegisterSpecSet.<init>(I)V @ 2
Event: 12.168 Thread 0x00000000184af800 Uncommon trap: reason=unstable_if action=reinterpret pc=0x00000000046be5c4 method=com.android.dx.rop.code.RegisterSpecSet.<init>(I)V @ 2
Event: 12.386 Thread 0x00000000184af800 Uncommon trap: reason=class_check action=maybe_recompile pc=0x0000000004ac35c4 method=com.android.dx.cf.code.BaseMachine.addResult(Lcom/android/dx/rop/type/TypeBearer;)V @ 23
Event: 12.386 Thread 0x00000000184af800 Uncommon trap: reason=class_check action=maybe_recompile pc=0x0000000004a7c3c0 method=com.android.dx.cf.code.RopperMachine.run(Lcom/android/dx/cf/code/Frame;II)V @ 310
Event: 12.813 Thread 0x00000000184b0800 Uncommon trap: reason=class_check action=maybe_recompile pc=0x0000000004ac35c4 method=com.android.dx.cf.code.BaseMachine.addResult(Lcom/android/dx/rop/type/TypeBearer;)V @ 23
Event: 12.813 Thread 0x00000000184b0800 Uncommon trap: reason=class_check action=maybe_recompile pc=0x0000000004a7c3c0 method=com.android.dx.cf.code.RopperMachine.run(Lcom/android/dx/cf/code/Frame;II)V @ 310
Event: 13.333 Thread 0x00000000184b0800 Uncommon trap: reason=class_check action=maybe_recompile pc=0x0000000004ac35c4 method=com.android.dx.cf.code.BaseMachine.addResult(Lcom/android/dx/rop/type/TypeBearer;)V @ 23
Event: 13.334 Thread 0x00000000184b0800 Uncommon trap: reason=class_check action=maybe_recompile pc=0x0000000004a7c3c0 method=com.android.dx.cf.code.RopperMachine.run(Lcom/android/dx/cf/code/Frame;II)V @ 310
Event: 13.810 Thread 0x00000000184af800 Uncommon trap: reason=class_check action=maybe_recompile pc=0x0000000004ac35c4 method=com.android.dx.cf.code.BaseMachine.addResult(Lcom/android/dx/rop/type/TypeBearer;)V @ 23
Event: 13.810 Thread 0x00000000184af800 Uncommon trap: reason=class_check action=maybe_recompile pc=0x0000000004a7c3c0 method=com.android.dx.cf.code.RopperMachine.run(Lcom/android/dx/cf/code/Frame;II)V @ 310

Internal exceptions (7 events):
Event: 5.186 Thread 0x00000000041c2800 Exception <a 'java/lang/NoSuchMethodError': Method sun.misc.Unsafe.defineClass(Ljava/lang/String;[BII)Ljava/lang/Class; name or signature does not match> (0x00000000eab07ca8) thrown at [C:\re\workspace\8-2-build-windows-amd64-cygwin\jdk8u131\8869\hotspot\
Event: 5.186 Thread 0x00000000041c2800 Exception <a 'java/lang/NoSuchMethodError': Method sun.misc.Unsafe.prefetchRead(Ljava/lang/Object;J)V name or signature does not match> (0x00000000eab07f90) thrown at [C:\re\workspace\8-2-build-windows-amd64-cygwin\jdk8u131\8869\hotspot\src\share\vm\prims
Event: 8.508 Thread 0x00000000184af800 Implicit null exception at 0x000000000469506a to 0x0000000004695cb9
Event: 8.732 Thread 0x000000001848f800 Implicit null exception at 0x000000000468b1a1 to 0x000000000468bb8d
Event: 10.529 Thread 0x000000001848f800 Exception <a 'java/lang/ArrayIndexOutOfBoundsException': 18> (0x00000000ec3c8768) thrown at [C:\re\workspace\8-2-build-windows-amd64-cygwin\jdk8u131\8869\hotspot\src\share\vm\interpreter\interpreterRuntime.cpp, line 366]
Event: 10.530 Thread 0x000000001848f800 Exception <a 'java/lang/ArrayIndexOutOfBoundsException'> (0x00000000ec3ca2e8) thrown at [C:\re\workspace\8-2-build-windows-amd64-cygwin\jdk8u131\8869\hotspot\src\share\vm\runtime\sharedRuntime.cpp, line 605]
Event: 10.530 Thread 0x000000001848f800 Exception <a 'java/lang/ArrayIndexOutOfBoundsException'> (0x00000000ec3cb5d0) thrown at [C:\re\workspace\8-2-build-windows-amd64-cygwin\jdk8u131\8869\hotspot\src\share\vm\runtime\sharedRuntime.cpp, line 605]

Events (10 events):
Event: 13.810 Thread 0x00000000184af800 Uncommon trap: trap_request=0xffffffde fr.pc=0x0000000004ac35c4
Event: 13.810 Thread 0x00000000184af800 DEOPT PACKING pc=0x0000000004ac35c4 sp=0x0000000018dedf90
Event: 13.810 Thread 0x00000000184af800 DEOPT UNPACKING pc=0x000000000430582a sp=0x0000000018dedf08 mode 2
Event: 13.810 Thread 0x00000000184af800 Uncommon trap: trap_request=0xffffffde fr.pc=0x0000000004a7c3c0
Event: 13.810 Thread 0x00000000184af800 DEOPT PACKING pc=0x0000000004a7c3c0 sp=0x0000000018dee030
Event: 13.810 Thread 0x00000000184af800 DEOPT UNPACKING pc=0x000000000430582a sp=0x0000000018dedfd0 mode 2
Event: 13.821 Thread 0x00000000184b0800 DEOPT PACKING pc=0x00000000046c2dd2 sp=0x0000000018eee9f0
Event: 13.821 Thread 0x00000000184b0800 DEOPT UNPACKING pc=0x000000000430787f sp=0x0000000018eee830 mode 0
Event: 13.844 Executing VM operation: ParallelGCFailedAllocation
Event: 13.926 Executing VM operation: ParallelGCFailedAllocation done


Dynamic libraries:
0x00007ff7b0870000 - 0x00007ff7b08a7000 	C:\Program Files\Java\jdk1.8.0_131\bin\java.exe
0x00007ff975740000 - 0x00007ff975920000 	C:\WINDOWS\SYSTEM32\ntdll.dll
0x00007ff974410000 - 0x00007ff9744be000 	C:\WINDOWS\System32\KERNEL32.DLL
0x00007ff972480000 - 0x00007ff9726e6000 	C:\WINDOWS\System32\KERNELBASE.dll
0x00007ff975600000 - 0x00007ff9756a1000 	C:\WINDOWS\System32\ADVAPI32.dll
0x00007ff974910000 - 0x00007ff9749ad000 	C:\WINDOWS\System32\msvcrt.dll
0x00007ff972e50000 - 0x00007ff972eab000 	C:\WINDOWS\System32\sechost.dll
0x00007ff9742f0000 - 0x00007ff97440f000 	C:\WINDOWS\System32\RPCRT4.dll
0x00007ff9752d0000 - 0x00007ff97545f000 	C:\WINDOWS\System32\USER32.dll
0x00007ff972460000 - 0x00007ff972480000 	C:\WINDOWS\System32\win32u.dll
0x00007ff972c10000 - 0x00007ff972c38000 	C:\WINDOWS\System32\GDI32.dll
0x00007ff972a70000 - 0x00007ff972c03000 	C:\WINDOWS\System32\gdi32full.dll
0x00007ff9729d0000 - 0x00007ff972a6b000 	C:\WINDOWS\System32\msvcp_win.dll
0x00007ff972770000 - 0x00007ff972866000 	C:\WINDOWS\System32\ucrtbase.dll
0x00007ff969160000 - 0x00007ff9693c9000 	C:\WINDOWS\WinSxS\amd64_microsoft.windows.common-controls_6595b64144ccf1df_6.0.16299.248_none_15ced204935f55d7\COMCTL32.dll
0x00007ff974fc0000 - 0x00007ff9752c8000 	C:\WINDOWS\System32\combase.dll
0x00007ff9726f0000 - 0x00007ff972762000 	C:\WINDOWS\System32\bcryptPrimitives.dll
0x00007ff9749b0000 - 0x00007ff9749dd000 	C:\WINDOWS\System32\IMM32.DLL
0x0000000052f60000 - 0x0000000053032000 	C:\Program Files\Java\jdk1.8.0_131\jre\bin\msvcr100.dll
0x00000000526c0000 - 0x0000000052f5c000 	C:\Program Files\Java\jdk1.8.0_131\jre\bin\server\jvm.dll
0x00007ff974e40000 - 0x00007ff974e48000 	C:\WINDOWS\System32\PSAPI.DLL
0x00007ff95d450000 - 0x00007ff95d459000 	C:\WINDOWS\SYSTEM32\WSOCK32.dll
0x00007ff9749e0000 - 0x00007ff974a4c000 	C:\WINDOWS\System32\WS2_32.dll
0x00007ff96efb0000 - 0x00007ff96efd3000 	C:\WINDOWS\SYSTEM32\WINMM.dll
0x00007ff96d290000 - 0x00007ff96d29a000 	C:\WINDOWS\SYSTEM32\VERSION.dll
0x00007ff96ef50000 - 0x00007ff96ef7a000 	C:\WINDOWS\SYSTEM32\WINMMBASE.dll
0x00007ff972980000 - 0x00007ff9729ca000 	C:\WINDOWS\System32\cfgmgr32.dll
0x00000000526b0000 - 0x00000000526bf000 	C:\Program Files\Java\jdk1.8.0_131\jre\bin\verify.dll
0x0000000052680000 - 0x00000000526a9000 	C:\Program Files\Java\jdk1.8.0_131\jre\bin\java.dll
0x0000000052660000 - 0x0000000052676000 	C:\Program Files\Java\jdk1.8.0_131\jre\bin\zip.dll
0x00007ff972eb0000 - 0x00007ff9742e6000 	C:\WINDOWS\System32\SHELL32.dll
0x00007ff972da0000 - 0x00007ff972e46000 	C:\WINDOWS\System32\shcore.dll
0x00007ff971b40000 - 0x00007ff972287000 	C:\WINDOWS\System32\windows.storage.dll
0x00007ff972d40000 - 0x00007ff972d91000 	C:\WINDOWS\System32\shlwapi.dll
0x00007ff971b20000 - 0x00007ff971b31000 	C:\WINDOWS\System32\kernel.appcore.dll
0x00007ff971ab0000 - 0x00007ff971afc000 	C:\WINDOWS\System32\powrprof.dll
0x00007ff971b00000 - 0x00007ff971b1b000 	C:\WINDOWS\System32\profapi.dll

VM Arguments:
jvm_args: -Djava.awt.headless=true -Xmx1024M -Dfile.encoding=windows-1252 -Duser.country=BR -Duser.language=pt -Duser.variant 
java_command: com.android.dx.command.Main --dex --num-threads=4 --output C:\Users\fterr\dev\react-native-bluetooth-test\android\app\build\intermediates\pre-dexed\debug\com.facebook.react-react-native-0.52.0_748b2c0a7b33a872b0b5d446fee406032304405b.jar C:\Users\fterr\dev\react-native-bluetooth-test\android\app\build\intermediates\exploded-aar\com.facebook.react\react-native\0.52.0\jars\classes.jar
java_class_path (initial): C:\Users\fterr\AppData\Local\Android\Sdk\build-tools\23.0.1\lib\dx.jar
Launcher Type: SUN_STANDARD

Environment Variables:
JAVA_HOME=C:\Program Files\Java\jdk1.8.0_131
CLASSPATH=c:\Users\fterr\dev\react-native-bluetooth-test\android\\gradle\wrapper\gradle-wrapper.jar
PATH=C:\Python27\;C:\Python27\Scripts;C:\ProgramData\Oracle\Java\javapath;C:\Program Files (x86)\NVIDIA Corporation\PhysX\Common;c:\Program Files (x86)\Intel\iCLS Client\;c:\Program Files\Intel\iCLS Client\;C:\WINDOWS\system32;C:\WINDOWS;C:\WINDOWS\System32\Wbem;C:\WINDOWS\System32\WindowsPowerShell\v1.0\;C:\Program Files (x86)\Intel\OpenCL SDK\3.0\bin\x86;C:\Program Files (x86)\Intel\OpenCL SDK\3.0\bin\x64;C:\Program Files (x86)\Windows Live\Shared;C:\Program Files (x86)\Skype\Phone\;C:\Program Files (x86)\Intel\Intel(R) Management Engine Components\DAL;C:\Program Files\Intel\Intel(R) Management Engine Components\DAL;C:\Program Files (x86)\Intel\Intel(R) Management Engine Components\IPT;C:\Program Files\Intel\Intel(R) Management Engine Components\IPT;C:\Program Files (x86)\Yarn\bin;C:\Program Files\Genymobile\Genymotion\tools;C:\Program Files\nodejs\;C:\Program Files\Git\cmd;C:\Program Files (x86)\Google\Chrome\Application;C:\Program Files (x86)\NVIDIA Corporation\PhysX\Common;c:\Program Files (x86)\Intel\iCLS Client\;c:\Program Files\Intel\iCLS Client\;C:\WINDOWS\system32;C:\WINDOWS;C:\WINDOWS\System32\Wbem;C:\WINDOWS\System32\WindowsPowerShell\v1.0\;C:\Program Files\Intel\Intel(R) Management Engine Components\DAL;C:\Program Files\Intel\Intel(R) Management Engine Components\IPT;C:\Program Files (x86)\Intel\Intel(R) Management Engine Components\DAL;C:\Program Files (x86)\Intel\Intel(R) Management Engine Components\IPT;C:\Program Files (x86)\Intel\OpenCL SDK\3.0\bin\x86;C:\Program Files (x86)\Intel\OpenCL SDK\3.0\bin\x64;C:\Program Files (x86)\Windows Live\Shared;C:\Program Files (x86)\Nmap;C:\Users\fterr\AppData\Local\Microsoft\WindowsApps;C:\Users\fterr\AppData\Local\Google\Cloud SDK\google-cloud-sdk\bin;C:\Program Files\Heroku\bin;C:\Program Files\Microsoft VS Code\bin;C:\Users\fterr\AppData\Local\Yarn\bin;C:\Users\fterr\AppData\Roaming\npm
USERNAME=fterr
OS=Windows_NT
PROCESSOR_IDENTIFIER=Intel64 Family 6 Model 60 Stepping 3, GenuineIntel



---------------  S Y S T E M  ---------------

OS: Windows 10.0 , 64 bit Build 16299 (10.0.16299.15)

CPU:total 4 (initial active 4) (2 cores per cpu, 2 threads per core) family 6 model 60 stepping 3, cmov, cx8, fxsr, mmx, sse, sse2, sse3, ssse3, sse4.1, sse4.2, popcnt, avx, avx2, aes, clmul, erms, lzcnt, ht, tsc, tscinvbit, bmi1, bmi2

Memory: 4k page, physical 8310288k(3367620k free), swap 10407440k(5588k free)

vm_info: Java HotSpot(TM) 64-Bit Server VM (25.131-b11) for windows-amd64 JRE (1.8.0_131-b11), built on Mar 15 2017 01:23:53 by "java_re" with MS VC++ 10.0 (VS2010)

time: Wed Mar 07 17:34:48 2018
elapsed time: 14 seconds (0d 0h 0m 14s)

